<?xml version="1.0" encoding="UTF-8"?>
<testng-results skipped="0" failed="0" total="1" passed="1">
  <reporter-output>
  </reporter-output>
  <suite name="com.learntestng.AppTest" duration-ms="28" started-at="2016-08-15T14:54:14Z" finished-at="2016-08-15T14:54:14Z">
    <groups>
    </groups>
    <test name="Command line test" duration-ms="28" started-at="2016-08-15T14:54:14Z" finished-at="2016-08-15T14:54:14Z">
      <class name="com.learntestng.AppTest">
        <test-method status="PASS" signature="sendMail()" name="sendMail" duration-ms="17" started-at="2016-08-15T14:54:14Z" finished-at="2016-08-15T14:54:14Z">
        </test-method>
      </class>
    </test>
  </suite>
</testng-results>
